<?xml version="1.0" encoding="UTF-8"?>
<!-- Generated by org.testng.reporters.JUnitReportReporter -->
<testsuite hostname="LAPTOP-62KJU3VU" failures="0" tests="1" name="Questions.Q1" time="2.013" errors="0" timestamp="2025-08-28T16:57:11 IST" skipped="0">
  <testcase classname="Questions.Q1" name="f" time="2.013"/>
</testsuite> <!-- Questions.Q1 -->
