<?xml version="1.0" encoding="UTF-8"?>
<!-- Generated by org.testng.reporters.JUnitReportReporter -->
<testsuite hostname="LAPTOP-62KJU3VU" failures="0" tests="1" name="Questions.Q9" time="1.792" errors="0" timestamp="2025-08-26T14:38:01 IST" skipped="0">
  <testcase classname="Questions.Q9" name="captureScreenshotTest" time="1.792"/>
</testsuite> <!-- Questions.Q9 -->
