<?xml version="1.0" encoding="UTF-8"?>
<!-- Generated by org.testng.reporters.JUnitReportReporter -->
<testsuite hostname="LAPTOP-62KJU3VU" failures="0" tests="3" name="pack1.TC0012_TestNG" time="37.927" errors="0" timestamp="2025-08-20T16:19:49 IST" skipped="0">
  <testcase classname="pack1.TC0012_TestNG" name="f" time="12.737"/>
  <testcase classname="pack1.TC0012_TestNG" name="f" time="13.360"/>
  <testcase classname="pack1.TC0012_TestNG" name="f" time="11.830"/>
</testsuite> <!-- pack1.TC0012_TestNG -->
