<?xml version="1.0" encoding="UTF-8"?>
<!-- Generated by org.testng.reporters.JUnitReportReporter -->
<testsuite hostname="LAPTOP-62KJU3VU" failures="0" tests="1" name="pack1.jenkinstest" time="7.902" errors="0" timestamp="2025-08-26T17:13:52 IST" skipped="0">
  <testcase classname="pack1.jenkinstest" name="f" time="7.902"/>
</testsuite> <!-- pack1.jenkinstest -->
