<?xml version="1.0" encoding="UTF-8"?>
<!-- Generated by org.testng.reporters.JUnitReportReporter -->
<testsuite hostname="LAPTOP-62KJU3VU" failures="0" tests="10" name="com.orangehrm.tests.LoginOrangeHRM" time="100.993" errors="0" timestamp="2025-08-28T17:01:33 IST" skipped="1">
  <testcase classname="com.orangehrm.tests.LoginOrangeHRM" name="questio2" time="11.550"/>
  <testcase classname="com.orangehrm.tests.LoginOrangeHRM" name="question9_screenshotCapture" time="7.307"/>
  <testcase classname="com.orangehrm.tests.LoginOrangeHRM" name="question6_handleCheckbox" time="13.687"/>
  <testcase classname="com.orangehrm.tests.LoginOrangeHRM" name="question3_amazonLaptopSearch" time="15.596"/>
  <testcase classname="com.orangehrm.tests.LoginOrangeHRM" name="question4_dropdownSelection" time="9.226"/>
  <testcase classname="com.orangehrm.tests.LoginOrangeHRM" name="question7_webTableData" time="7.803"/>
  <testcase classname="com.orangehrm.tests.LoginOrangeHRM" name="question8_multipleWindows" time="11.803"/>
  <testcase classname="com.orangehrm.tests.LoginOrangeHRM" name="question1_google" time="8.788"/>
  <testcase classname="com.orangehrm.tests.LoginOrangeHRM" name="question5_handleAlertPopup" time="15.233"/>
  <testcase classname="com.orangehrm.tests.LoginOrangeHRM" name="loginTest">
    <skipped/>
  </testcase> <!-- loginTest -->
</testsuite> <!-- com.orangehrm.tests.LoginOrangeHRM -->
