<?xml version="1.0" encoding="UTF-8"?>
<!-- Generated by org.testng.reporters.JUnitReportReporter -->
<testsuite hostname="LAPTOP-62KJU3VU" failures="0" tests="2" name="pack1.Lab8_1" time="17.042" errors="0" timestamp="2025-08-20T10:28:41 IST" skipped="0">
  <testcase classname="pack1.Lab8_1" name="f" time="9.338"/>
  <testcase classname="pack1.Lab8_1" name="f" time="7.704"/>
</testsuite> <!-- pack1.Lab8_1 -->
