<?xml version="1.0" encoding="UTF-8"?>
<!-- Generated by org.testng.reporters.JUnitReportReporter -->
<testsuite hostname="LAPTOP-62KJU3VU" failures="0" tests="3" name="pack1.TC0014" time="48.414" errors="0" timestamp="2025-08-19T12:12:02 IST" skipped="0">
  <testcase classname="pack1.TC0014" name="test2" time="23.623"/>
  <testcase classname="pack1.TC0014" name="test2" time="14.489"/>
  <testcase classname="pack1.TC0014" name="test2" time="10.302"/>
  <system-out>
    <![CDATA[Launching browser: chrome
Launching browser: ie
Launching browser: ie
Launching browser: chrome]]>
  </system-out>
</testsuite> <!-- pack1.TC0014 -->
