<?xml version="1.0" encoding="UTF-8"?>
<!-- Generated by org.testng.reporters.JUnitReportReporter -->
<testsuite hostname="LAPTOP-62KJU3VU" failures="0" tests="2" name="pack1.Lab9_4_Testng" time="47.371" errors="0" timestamp="2025-08-19T15:26:23 IST" skipped="0">
  <testcase classname="pack1.Lab9_4_Testng" name="test2" time="25.432"/>
  <testcase classname="pack1.Lab9_4_Testng" name="test2" time="21.939"/>
</testsuite> <!-- pack1.Lab9_4_Testng -->
