<?xml version="1.0" encoding="UTF-8"?>
<!-- Generated by org.testng.reporters.JUnitReportReporter -->
<testsuite hostname="LAPTOP-62KJU3VU" failures="0" tests="2" name="pack1.Lab8" time="10.953" errors="0" timestamp="2025-08-20T10:28:11 IST" skipped="0">
  <testcase classname="pack1.Lab8" name="f" time="5.791"/>
  <testcase classname="pack1.Lab8" name="f" time="5.162"/>
</testsuite> <!-- pack1.Lab8 -->
