<?xml version="1.0" encoding="UTF-8"?>
<!-- Generated by org.testng.reporters.JUnitReportReporter -->
<testsuite hostname="LAPTOP-62KJU3VU" failures="0" tests="2" name="pack1.TC0012_TestNg2_pagefactory" time="15.131" errors="0" timestamp="2025-08-20T11:42:58 IST" skipped="0">
  <testcase classname="pack1.TC0012_TestNg2_pagefactory" name="f" time="7.085"/>
  <testcase classname="pack1.TC0012_TestNg2_pagefactory" name="f" time="8.046"/>
</testsuite> <!-- pack1.TC0012_TestNg2_pagefactory -->
