<?xml version="1.0" encoding="UTF-8"?>
<!-- Generated by org.testng.reporters.JUnitReportReporter -->
<testsuite hostname="LAPTOP-62KJU3VU" failures="0" tests="2" name="pack1.Lab14" time="9.715" errors="0" timestamp="2025-08-21T12:23:51 IST" skipped="0">
  <testcase classname="pack1.Lab14" name="f" time="3.885"/>
  <testcase classname="pack1.Lab14" name="f" time="5.830"/>
</testsuite> <!-- pack1.Lab14 -->
