<?xml version="1.0" encoding="UTF-8"?>
<!-- Generated by org.testng.reporters.JUnitReportReporter -->
<testsuite hostname="LAPTOP-62KJU3VU" failures="0" tests="2" name="pack1.Lab16_xml" time="16.711" errors="0" timestamp="2025-08-22T14:51:28 IST" skipped="0">
  <testcase classname="pack1.Lab16_xml" name="f" time="8.993"/>
  <testcase classname="pack1.Lab16_xml" name="f" time="7.718"/>
</testsuite> <!-- pack1.Lab16_xml -->
