<?xml version="1.0" encoding="UTF-8"?>
<!-- Generated by org.testng.reporters.JUnitReportReporter -->
<testsuite hostname="LAPTOP-62KJU3VU" failures="0" tests="1" name="Questions.Q5" time="3.614" errors="0" timestamp="2025-08-26T14:28:28 IST" skipped="0">
  <testcase classname="Questions.Q5" name="f" time="3.614"/>
</testsuite> <!-- Questions.Q5 -->
