<?xml version="1.0" encoding="UTF-8"?>
<!-- Generated by org.testng.reporters.JUnitReportReporter -->
<testsuite hostname="LAPTOP-62KJU3VU" failures="0" tests="2" name="pack1.Lab8_3_assertions" time="10.695" errors="0" timestamp="2025-08-19T16:18:17 IST" skipped="0">
  <testcase classname="pack1.Lab8_3_assertions" name="f" time="4.333"/>
  <testcase classname="pack1.Lab8_3_assertions" name="f" time="6.362"/>
</testsuite> <!-- pack1.Lab8_3_assertions -->
