<?xml version="1.0" encoding="UTF-8"?>
<!-- Generated by org.testng.reporters.JUnitReportReporter -->
<testsuite hostname="LAPTOP-62KJU3VU" failures="0" tests="2" name="pack1.lab11_2_4_testng_pagefactory" time="16.968" errors="0" timestamp="2025-08-20T12:26:29 IST" skipped="0">
  <testcase classname="pack1.lab11_2_4_testng_pagefactory" name="f" time="7.749"/>
  <testcase classname="pack1.lab11_2_4_testng_pagefactory" name="f" time="9.219"/>
</testsuite> <!-- pack1.lab11_2_4_testng_pagefactory -->
