<?xml version="1.0" encoding="UTF-8"?>
<!-- Generated by org.testng.reporters.JUnitReportReporter -->
<testsuite hostname="LAPTOP-62KJU3VU" failures="0" tests="1" name="Questions.Q8" time="3.982" errors="0" timestamp="2025-08-26T14:36:39 IST" skipped="0">
  <testcase classname="Questions.Q8" name="multipleWindowsHandlingTest" time="3.982"/>
</testsuite> <!-- Questions.Q8 -->
