<?xml version="1.0" encoding="UTF-8"?>
<!-- Generated by org.testng.reporters.JUnitReportReporter -->
<testsuite hostname="LAPTOP-62KJU3VU" failures="0" tests="2" name="pack1.Lab11_4" time="17.546" errors="0" timestamp="2025-08-20T10:37:01 IST" skipped="0">
  <testcase classname="pack1.Lab11_4" name="f" time="10.086"/>
  <testcase classname="pack1.Lab11_4" name="f" time="7.460"/>
</testsuite> <!-- pack1.Lab11_4 -->
