<?xml version="1.0" encoding="UTF-8"?>
<!-- Generated by org.testng.reporters.JUnitReportReporter -->
<testsuite hostname="LAPTOP-62KJU3VU" failures="0" tests="1" name="Questions.Q6" time="3.441" errors="0" timestamp="2025-08-26T14:32:21 IST" skipped="0">
  <testcase classname="Questions.Q6" name="handleCheckboxesTest" time="3.441"/>
</testsuite> <!-- Questions.Q6 -->
