<?xml version="1.0" encoding="UTF-8"?>
<!-- Generated by org.testng.reporters.JUnitReportReporter -->
<testsuite hostname="LAPTOP-62KJU3VU" failures="0" tests="2" name="pack1.Lab16_1" time="14.516" errors="0" timestamp="2025-08-24T18:47:27 IST" skipped="0">
  <testcase classname="pack1.Lab16_1" name="registerUser" time="7.819"/>
  <testcase classname="pack1.Lab16_1" name="registerUser" time="6.697"/>
</testsuite> <!-- pack1.Lab16_1 -->
