<?xml version="1.0" encoding="UTF-8"?>
<!-- Generated by org.testng.reporters.JUnitReportReporter -->
<testsuite hostname="LAPTOP-62KJU3VU" failures="0" tests="3" name="pack1.TC0012_TestNG2_pagefactory2_csv" time="25.741" errors="0" timestamp="2025-08-22T09:35:54 IST" skipped="0">
  <testcase classname="pack1.TC0012_TestNG2_pagefactory2_csv" name="f" time="10.200"/>
  <testcase classname="pack1.TC0012_TestNG2_pagefactory2_csv" name="f" time="8.443"/>
  <testcase classname="pack1.TC0012_TestNG2_pagefactory2_csv" name="f" time="7.098"/>
</testsuite> <!-- pack1.TC0012_TestNG2_pagefactory2_csv -->
