<?xml version="1.0" encoding="UTF-8"?>
<!-- Generated by org.testng.reporters.JUnitReportReporter -->
<testsuite hostname="LAPTOP-62KJU3VU" failures="0" tests="3" name="pack1.TC0012_TestNG" time="42.759" errors="0" timestamp="2025-08-21T11:21:07 IST" skipped="0">
  <testcase classname="pack1.TC0012_TestNG" name="f" time="16.698"/>
  <testcase classname="pack1.TC0012_TestNG" name="f" time="13.686"/>
  <testcase classname="pack1.TC0012_TestNG" name="f" time="12.375"/>
</testsuite> <!-- pack1.TC0012_TestNG -->
