<?xml version="1.0" encoding="UTF-8"?>
<!-- Generated by org.testng.reporters.JUnitReportReporter -->
<testsuite hostname="LAPTOP-62KJU3VU" failures="0" tests="2" name="pack1.Lab8" time="12.067" errors="0" timestamp="2025-08-18T17:17:42 IST" skipped="0">
  <testcase classname="pack1.Lab8" name="f" time="7.617"/>
  <testcase classname="pack1.Lab8" name="f" time="4.450"/>
</testsuite> <!-- pack1.Lab8 -->
