<?xml version="1.0" encoding="UTF-8"?>
<!-- Generated by org.testng.reporters.JUnitReportReporter -->
<testsuite hostname="LAPTOP-62KJU3VU" failures="0" tests="2" name="com.orangehrm.tests.LoginOrangeHRM" time="11.693" errors="0" timestamp="2025-08-23T17:23:40 IST" skipped="0">
  <testcase classname="com.orangehrm.tests.LoginOrangeHRM" name="loginTest" time="6.146"/>
  <testcase classname="com.orangehrm.tests.LoginOrangeHRM" name="loginTest" time="5.547"/>
</testsuite> <!-- com.orangehrm.tests.LoginOrangeHRM -->
