<?xml version="1.0" encoding="UTF-8"?>
<!-- Generated by org.testng.reporters.JUnitReportReporter -->
<testsuite hostname="LAPTOP-62KJU3VU" failures="0" tests="1" name="pack1.Lab15" time="5.233" errors="0" timestamp="2025-08-22T10:26:27 IST" skipped="0">
  <testcase classname="pack1.Lab15" name="registerNewUser" time="5.233"/>
</testsuite> <!-- pack1.Lab15 -->
