<?xml version="1.0" encoding="UTF-8"?>
<!-- Generated by org.testng.reporters.JUnitReportReporter -->
<testsuite hostname="LAPTOP-62KJU3VU" failures="0" tests="1" name="Questions.Q4" time="0.549" errors="0" timestamp="2025-08-26T14:57:28 IST" skipped="0">
  <testcase classname="Questions.Q4" name="f" time="0.549"/>
</testsuite> <!-- Questions.Q4 -->
