<?xml version="1.0" encoding="UTF-8"?>
<!-- Generated by org.testng.reporters.JUnitReportReporter -->
<testsuite hostname="LAPTOP-62KJU3VU" failures="0" tests="1" name="Questions.Q4" time="0.862" errors="0" timestamp="2025-08-28T16:57:11 IST" skipped="0">
  <testcase classname="Questions.Q4" name="f" time="0.862"/>
</testsuite> <!-- Questions.Q4 -->
