<?xml version="1.0" encoding="UTF-8"?>
<!-- Generated by org.testng.reporters.JUnitReportReporter -->
<testsuite hostname="LAPTOP-62KJU3VU" failures="0" tests="1" name="Questions.Q7" time="3.411" errors="0" timestamp="2025-08-26T14:33:59 IST" skipped="0">
  <testcase classname="Questions.Q7" name="webTableDataExtractionTest" time="3.411"/>
</testsuite> <!-- Questions.Q7 -->
