<?xml version="1.0" encoding="UTF-8"?>
<!-- Generated by org.testng.reporters.JUnitReportReporter -->
<testsuite hostname="LAPTOP-62KJU3VU" failures="0" tests="1" name="pack1.TC0013" time="8.910" errors="0" timestamp="2025-08-19T11:02:04 IST" skipped="0">
  <testcase classname="pack1.TC0013" name="test1" time="8.910"/>
</testsuite> <!-- pack1.TC0013 -->
