<?xml version="1.0" encoding="UTF-8"?>
<!-- Generated by org.testng.reporters.JUnitReportReporter -->
<testsuite hostname="LAPTOP-62KJU3VU" failures="0" tests="1" name="Questions.Q1" time="3.588" errors="0" timestamp="2025-08-26T10:05:00 IST" skipped="0">
  <testcase classname="Questions.Q1" name="f" time="3.588"/>
</testsuite> <!-- Questions.Q1 -->
