<?xml version="1.0" encoding="UTF-8"?>
<!-- Generated by org.testng.reporters.JUnitReportReporter -->
<testsuite hostname="LAPTOP-62KJU3VU" failures="0" tests="2" name="pack1.Lab9_3_Testng" time="47.528" errors="0" timestamp="2025-08-19T15:26:23 IST" skipped="0">
  <testcase classname="pack1.Lab9_3_Testng" name="test1" time="18.966"/>
  <testcase classname="pack1.Lab9_3_Testng" name="test1" time="28.562"/>
</testsuite> <!-- pack1.Lab9_3_Testng -->
