<?xml version="1.0" encoding="UTF-8"?>
<!-- Generated by org.testng.reporters.JUnitReportReporter -->
<testsuite hostname="LAPTOP-62KJU3VU" failures="0" tests="1" name="Questions.Q2" time="8.990" errors="0" timestamp="2025-08-26T11:07:25 IST" skipped="0">
  <testcase classname="Questions.Q2" name="f" time="8.990"/>
</testsuite> <!-- Questions.Q2 -->
