<?xml version="1.0" encoding="UTF-8"?>
<!-- Generated by org.testng.reporters.JUnitReportReporter -->
<testsuite hostname="LAPTOP-62KJU3VU" failures="0" tests="2" name="pack1.Lab8_4_assertion" time="14.725" errors="0" timestamp="2025-08-19T16:32:05 IST" skipped="0">
  <testcase classname="pack1.Lab8_4_assertion" name="f" time="6.917"/>
  <testcase classname="pack1.Lab8_4_assertion" name="f" time="7.808"/>
</testsuite> <!-- pack1.Lab8_4_assertion -->
