<?xml version="1.0" encoding="UTF-8"?>
<!-- Generated by org.testng.reporters.JUnitReportReporter -->
<testsuite hostname="LAPTOP-62KJU3VU" failures="0" tests="1" name="Questions.Q3" time="5.053" errors="0" timestamp="2025-08-26T14:55:39 IST" skipped="0">
  <testcase classname="Questions.Q3" name="f" time="5.053"/>
</testsuite> <!-- Questions.Q3 -->
