<?xml version="1.0" encoding="UTF-8"?>
<!-- Generated by org.testng.reporters.JUnitReportReporter -->
<testsuite hostname="LAPTOP-62KJU3VU" failures="0" tests="2" name="pack1.Lab11_3" time="12.799" errors="0" timestamp="2025-08-20T10:36:27 IST" skipped="0">
  <testcase classname="pack1.Lab11_3" name="f" time="5.447"/>
  <testcase classname="pack1.Lab11_3" name="f" time="7.352"/>
</testsuite> <!-- pack1.Lab11_3 -->
