<?xml version="1.0" encoding="UTF-8"?>
<!-- Generated by org.testng.reporters.JUnitReportReporter -->
<testsuite hostname="LAPTOP-62KJU3VU" failures="0" tests="1" name="com.orangehrm.base.BaseTest" time="6.194" errors="0" timestamp="2025-08-28T11:17:37 IST" skipped="0">
  <testcase classname="com.orangehrm.base.BaseTest" name="question1_google" time="6.194"/>
</testsuite> <!-- com.orangehrm.base.BaseTest -->
